c:\users\dai\desktop\course\6883 financial computing\project\qt gui 6883 project\6883 project\x64\debug\6883 project.pch
c:\users\dai\desktop\course\6883 financial computing\project\qt gui 6883 project\6883 project\x64\debug\vc120.pdb
c:\users\dai\desktop\course\6883 financial computing\project\qt gui 6883 project\6883 project\x64\debug\stdafx.obj
c:\users\dai\desktop\course\6883 financial computing\project\qt gui 6883 project\6883 project\x64\debug\stock_result.obj
c:\users\dai\desktop\course\6883 financial computing\project\qt gui 6883 project\6883 project\x64\debug\mywindow.obj
c:\users\dai\desktop\course\6883 financial computing\project\qt gui 6883 project\6883 project\x64\debug\matrix.obj
c:\users\dai\desktop\course\6883 financial computing\project\qt gui 6883 project\6883 project\x64\debug\main.obj
c:\users\dai\desktop\course\6883 financial computing\project\qt gui 6883 project\6883 project\x64\debug\moc_mywindow.obj
c:\users\dai\desktop\course\6883 financial computing\project\qt gui 6883 project\6883 project\x64\debug\datasimexception.obj
c:\users\dai\desktop\course\6883 financial computing\project\qt gui 6883 project\6883 project\x64\debug\excelmechanisms.obj
c:\users\dai\desktop\course\6883 financial computing\project\qt gui 6883 project\6883 project\x64\debug\excelimports.obj
c:\users\dai\desktop\course\6883 financial computing\project\qt gui 6883 project\6883 project\x64\debug\exceldriver.obj
c:\users\dai\desktop\course\6883 financial computing\project\qt gui 6883 project\6883 project\x64\debug\stringconversions.obj
c:\users\dai\desktop\course\6883 financial computing\project\qt gui 6883 project\6883 project\x64\debug\qrc_myclass.obj
f:\nyu poly\course\2nd semester\6883 financial computing\project\qt gui 6883 project\6883 project\x64\debug\6883 project.pch
f:\nyu poly\course\2nd semester\6883 financial computing\project\qt gui 6883 project\6883 project\x64\debug\vc120.pdb
f:\nyu poly\course\2nd semester\6883 financial computing\project\qt gui 6883 project\6883 project\x64\debug\stdafx.obj
f:\nyu poly\course\2nd semester\6883 financial computing\project\qt gui 6883 project\6883 project\x64\debug\stock_result.obj
f:\nyu poly\course\2nd semester\6883 financial computing\project\qt gui 6883 project\6883 project\x64\debug\matrix.obj
f:\nyu poly\course\2nd semester\6883 financial computing\project\qt gui 6883 project\6883 project\x64\debug\main.obj
f:\nyu poly\course\2nd semester\6883 financial computing\project\qt gui 6883 project\6883 project\x64\debug\moc_mywindow.obj
f:\nyu poly\course\2nd semester\6883 financial computing\project\qt gui 6883 project\6883 project\x64\debug\datasimexception.obj
f:\nyu poly\course\2nd semester\6883 financial computing\project\qt gui 6883 project\6883 project\x64\debug\stringconversions.obj
c:\users\dai\desktop\course\6883 financial computing\project\qt gui 6883 project\6883 project\generatedfiles\ui_myclass.h
c:\users\dai\desktop\course\6883 financial computing\project\qt gui 6883 project\6883 project\generatedfiles\qrc_myclass.cpp
c:\users\dai\desktop\course\6883 financial computing\project\qt gui 6883 project\6883 project\generatedfiles\debug\moc_mywindow.cpp
f:\nyu poly\course\2nd semester\6883 financial computing\project\qt gui 6883 project\6883 project\generatedfiles\debug\moc_mywindow.cpp
f:\nyu poly\course\2nd semester\6883 financial computing\project\qt gui 6883 project\6883 project\generatedfiles\ui_myclass.h
f:\nyu poly\course\2nd semester\6883 financial computing\project\qt gui 6883 project\6883 project\generatedfiles\qrc_myclass.cpp
c:\users\dai\desktop\course\6883 financial computing\project\qt gui 6883 project\x64\debug\6883 project.ilk
c:\users\dai\desktop\course\6883 financial computing\project\qt gui 6883 project\x64\debug\6883 project.exe
c:\users\dai\desktop\course\6883 financial computing\project\qt gui 6883 project\x64\debug\6883 project.pdb
c:\users\dai\desktop\nyu poly\course\2nd semester\6883 financial computing\project\qt gui 6883 project\6883 project\x64\debug\datasimexception.obj
c:\users\dai\desktop\nyu poly\course\2nd semester\6883 financial computing\project\qt gui 6883 project\6883 project\x64\debug\main.obj
c:\users\dai\desktop\nyu poly\course\2nd semester\6883 financial computing\project\qt gui 6883 project\6883 project\x64\debug\matrix.obj
c:\users\dai\desktop\nyu poly\course\2nd semester\6883 financial computing\project\qt gui 6883 project\6883 project\x64\debug\moc_mywindow.obj
c:\users\dai\desktop\nyu poly\course\2nd semester\6883 financial computing\project\qt gui 6883 project\6883 project\x64\debug\qrc_myclass.obj
c:\users\dai\desktop\nyu poly\course\2nd semester\6883 financial computing\project\qt gui 6883 project\6883 project\x64\debug\stdafx.obj
c:\users\dai\desktop\nyu poly\course\2nd semester\6883 financial computing\project\qt gui 6883 project\6883 project\x64\debug\stock_result.obj
c:\users\dai\desktop\nyu poly\course\2nd semester\6883 financial computing\project\qt gui 6883 project\6883 project\x64\debug\stringconversions.obj
c:\users\dai\desktop\nyu poly\course\2nd semester\6883 financial computing\project\qt gui 6883 project\6883 project\x64\debug\excel.tli
c:\users\dai\desktop\nyu poly\course\2nd semester\6883 financial computing\project\qt gui 6883 project\6883 project\x64\debug\mso.tli
c:\users\dai\desktop\nyu poly\course\2nd semester\6883 financial computing\project\qt gui 6883 project\6883 project\x64\debug\vbe6ext.tli
c:\users\dai\desktop\nyu poly\course\2nd semester\6883 financial computing\project\qt gui 6883 project\6883 project\x64\debug\excel.tlh
c:\users\dai\desktop\nyu poly\course\2nd semester\6883 financial computing\project\qt gui 6883 project\6883 project\x64\debug\mso.tlh
c:\users\dai\desktop\nyu poly\course\2nd semester\6883 financial computing\project\qt gui 6883 project\6883 project\x64\debug\vbe6ext.tlh
c:\users\dai\desktop\nyu poly\course\2nd semester\6883 financial computing\project\qt gui 6883 project\6883 project\x64\debug\6883 project.pch
c:\users\dai\desktop\nyu poly\course\2nd semester\6883 financial computing\project\qt gui 6883 project\6883 project\x64\debug\vc120.pdb
c:\users\dai\desktop\nyu poly\course\2nd semester\6883 financial computing\project\qt gui 6883 project\x64\debug\6883 project.pdb
c:\users\dai\desktop\nyu poly\course\2nd semester\6883 financial computing\project\qt gui 6883 project\x64\debug\6883 project.exe
c:\users\dai\desktop\nyu poly\course\2nd semester\6883 financial computing\project\qt gui 6883 project\x64\debug\6883 project.ilk
c:\users\dai\desktop\nyu poly\course\2nd semester\6883 financial computing\project\qt gui 6883 project\6883 project\x64\debug\6883 project.tlog\cl.command.1.tlog
c:\users\dai\desktop\nyu poly\course\2nd semester\6883 financial computing\project\qt gui 6883 project\6883 project\x64\debug\6883 project.tlog\cl.read.1.tlog
c:\users\dai\desktop\nyu poly\course\2nd semester\6883 financial computing\project\qt gui 6883 project\6883 project\x64\debug\6883 project.tlog\cl.write.1.tlog
c:\users\dai\desktop\nyu poly\course\2nd semester\6883 financial computing\project\qt gui 6883 project\6883 project\x64\debug\6883 project.tlog\custombuild.command.1.tlog
c:\users\dai\desktop\nyu poly\course\2nd semester\6883 financial computing\project\qt gui 6883 project\6883 project\x64\debug\6883 project.tlog\custombuild.read.1.tlog
c:\users\dai\desktop\nyu poly\course\2nd semester\6883 financial computing\project\qt gui 6883 project\6883 project\x64\debug\6883 project.tlog\custombuild.write.1.tlog
c:\users\dai\desktop\nyu poly\course\2nd semester\6883 financial computing\project\qt gui 6883 project\6883 project\x64\debug\6883 project.tlog\link.command.1.tlog
c:\users\dai\desktop\nyu poly\course\2nd semester\6883 financial computing\project\qt gui 6883 project\6883 project\x64\debug\6883 project.tlog\link.read.1.tlog
c:\users\dai\desktop\nyu poly\course\2nd semester\6883 financial computing\project\qt gui 6883 project\6883 project\x64\debug\6883 project.tlog\link.write.1.tlog
